<?xml version="1.0" encoding="UTF-8"?>
<!-- Generated by org.testng.reporters.JUnitReportReporter -->
<testsuite skipped="0" hostname="GUR-BXTI-L162" name="channelnewsasia.com.Scenario3" tests="1" failures="0" timestamp="24 Aug 2021 15:54:18 GMT" time="21.864" errors="0">
  <testcase name="fetchWeather" time="21.864" classname="channelnewsasia.com.Scenario3"/>
</testsuite> <!-- channelnewsasia.com.Scenario3 -->
